<?xml version="1.0" encoding="UTF-8"?>
<beans xmlns:xsi="http://www.w3.org/2001/XMLSchema-instance"
       xmlns:context="http://www.springframework.org/schema/context"
       xmlns="http://www.springframework.org/schema/beans"
       xsi:schemaLocation="http://www.springframework.org/schema/beans
    http://www.springframework.org/schema/beans/spring-beans-4.1.xsd
    http://www.springframework.org/schema/context
    http://www.springframework.org/schema/context/spring-context-4.1.xsd">

    <context:component-scan base-package="it.fescacom.service"/>

    <bean id="driver" class="org.openqa.selenium.ie.InternetExplorerDriver" destroy-method="quit">
    </bean>

    <!--<bean id="driver" class="org.openqa.selenium.firefox.FirefoxDriver" destroy-method="quit">-->
        <!--<constructor-arg name="options" ref="firefoxOptions"/>-->
    <!--</bean>-->

    <!--<bean id="firefoxOptions" class="org.openqa.selenium.firefox.FirefoxOptions">-->
        <!--<property name="binary" ref="firefoxBinary"/>-->
    <!--</bean>-->

    <!--<bean id="firefoxBinary" class="org.openqa.selenium.firefox.FirefoxBinary">-->
        <!--<constructor-arg name="pathToFirefoxBinary" ref="firefoxFile"/>-->
    <!--</bean>-->

    <!--<bean id="firefoxFile" class="java.io.File">-->
        <!--<constructor-arg name="pathname" value="C:\\Program Files\\Firefox Developer Edition\\firefox.exe"/>-->
    <!--</bean>-->

    <context:property-placeholder location="classpath:fetcher.properties"/>

</beans>